<?xml version="1.0" encoding="UTF-8"?>
<!-- Generated by org.testng.reporters.JUnitXMLReporter -->
<testsuite ignored="0" hostname="Shriis_aid" failures="0" tests="8" name="Default test" time="257.233" errors="0" timestamp="2024-10-17T15:50:01 IST">
  <testcase classname="com.zoho.show.test.ZohoShowTestcases" name="resolveComment" time="31.555"/>
  <testcase classname="com.zoho.show.test.ZohoShowTestcases" name="validateAddCommentOption" time="13.374"/>
  <testcase classname="com.zoho.show.test.ZohoShowTestcases" name="validateCustomSlideShow" time="16.415"/>
  <testcase classname="com.zoho.show.test.ZohoShowTestcases" name="validateDownloadDialog" time="12.963"/>
  <testcase classname="com.zoho.show.test.ZohoShowTestcases" name="validateDownloadDialog" time="18.32"/>
  <testcase classname="com.zoho.show.test.ZohoShowTestcases" name="validateHideShowSlideRightClick" time="21.359"/>
  <testcase classname="com.zoho.show.test.ZohoShowTestcases" name="validateMakeACopyInFile" time="20.316"/>
  <testcase classname="com.zoho.show.test.ZohoShowTestcases" name="validateOpenFile" time="19.669"/>
</testsuite> <!-- Default test -->
