<?xml version="1.0" encoding="UTF-8"?>
<testng-results ignored="0" total="8" passed="8" failed="0" skipped="0">
  <reporter-output>
  </reporter-output>
  <suite started-at="2024-10-17T15:45:43 IST" name="Default suite" finished-at="2024-10-17T15:50:01 IST" duration-ms="257233">
    <groups>
      <group name="Comment Actions">
        <method signature="ZohoShowTestcases.resolveComment()[pri:0, instance:com.zoho.show.test.ZohoShowTestcases@67c27493]" name="resolveComment" class="com.zoho.show.test.ZohoShowTestcases"/>
        <method signature="ZohoShowTestcases.validateAddCommentOption()[pri:0, instance:com.zoho.show.test.ZohoShowTestcases@67c27493]" name="validateAddCommentOption" class="com.zoho.show.test.ZohoShowTestcases"/>
      </group> <!-- Comment Actions -->
    </groups>
    <test started-at="2024-10-17T15:45:43 IST" name="Default test" finished-at="2024-10-17T15:50:01 IST" duration-ms="257233">
      <class name="com.zoho.show.test.ZohoShowTestcases">
        <test-method is-config="true" signature="launchZohoShowApplication()[pri:0, instance:com.zoho.show.test.ZohoShowTestcases@67c27493]" started-at="2024-10-17T15:45:44 IST" name="launchZohoShowApplication" finished-at="2024-10-17T15:47:26 IST" duration-ms="102472" status="PASS">
          <reporter-output>
          </reporter-output>
        </test-method> <!-- launchZohoShowApplication -->
        <test-method signature="resolveComment()[pri:0, instance:com.zoho.show.test.ZohoShowTestcases@67c27493]" started-at="2024-10-17T15:47:26 IST" name="resolveComment" finished-at="2024-10-17T15:47:58 IST" duration-ms="31555" status="PASS">
          <reporter-output>
          </reporter-output>
        </test-method> <!-- resolveComment -->
        <test-method signature="validateAddCommentOption()[pri:0, instance:com.zoho.show.test.ZohoShowTestcases@67c27493]" started-at="2024-10-17T15:47:58 IST" name="validateAddCommentOption" finished-at="2024-10-17T15:48:11 IST" duration-ms="13374" status="PASS">
          <reporter-output>
          </reporter-output>
        </test-method> <!-- validateAddCommentOption -->
        <test-method signature="validateCustomSlideShow()[pri:0, instance:com.zoho.show.test.ZohoShowTestcases@67c27493]" started-at="2024-10-17T15:48:11 IST" name="validateCustomSlideShow" finished-at="2024-10-17T15:48:27 IST" duration-ms="16415" status="PASS">
          <reporter-output>
          </reporter-output>
        </test-method> <!-- validateCustomSlideShow -->
        <test-method signature="validateDownloadDialog(java.lang.String)[pri:0, instance:com.zoho.show.test.ZohoShowTestcases@67c27493]" started-at="2024-10-17T15:48:27 IST" name="validateDownloadDialog" data-provider="fileformat" finished-at="2024-10-17T15:48:40 IST" duration-ms="12963" status="PASS">
          <params>
            <param index="0">
              <value>
                <![CDATA[Automobile.pptx]]>
              </value>
            </param>
          </params>
          <reporter-output>
          </reporter-output>
        </test-method> <!-- validateDownloadDialog -->
        <test-method signature="validateDownloadDialog(java.lang.String)[pri:0, instance:com.zoho.show.test.ZohoShowTestcases@67c27493]" started-at="2024-10-17T15:48:40 IST" name="validateDownloadDialog" data-provider="fileformat" finished-at="2024-10-17T15:48:59 IST" duration-ms="18320" status="PASS">
          <params>
            <param index="0">
              <value>
                <![CDATA[Automobile.pdf]]>
              </value>
            </param>
          </params>
          <reporter-output>
          </reporter-output>
        </test-method> <!-- validateDownloadDialog -->
        <test-method signature="validateHideShowSlideRightClick()[pri:0, instance:com.zoho.show.test.ZohoShowTestcases@67c27493]" started-at="2024-10-17T15:48:59 IST" name="validateHideShowSlideRightClick" finished-at="2024-10-17T15:49:20 IST" duration-ms="21359" status="PASS">
          <reporter-output>
          </reporter-output>
        </test-method> <!-- validateHideShowSlideRightClick -->
        <test-method signature="validateMakeACopyInFile()[pri:0, instance:com.zoho.show.test.ZohoShowTestcases@67c27493]" started-at="2024-10-17T15:49:20 IST" name="validateMakeACopyInFile" finished-at="2024-10-17T15:49:40 IST" duration-ms="20316" status="PASS">
          <reporter-output>
          </reporter-output>
        </test-method> <!-- validateMakeACopyInFile -->
        <test-method signature="validateOpenFile()[pri:0, instance:com.zoho.show.test.ZohoShowTestcases@67c27493]" started-at="2024-10-17T15:49:40 IST" name="validateOpenFile" finished-at="2024-10-17T15:50:00 IST" duration-ms="19669" status="PASS">
          <reporter-output>
          </reporter-output>
        </test-method> <!-- validateOpenFile -->
        <test-method is-config="true" signature="teardown()[pri:0, instance:com.zoho.show.test.ZohoShowTestcases@67c27493]" started-at="2024-10-17T15:50:00 IST" name="teardown" finished-at="2024-10-17T15:50:01 IST" duration-ms="602" status="PASS">
          <reporter-output>
          </reporter-output>
        </test-method> <!-- teardown -->
      </class> <!-- com.zoho.show.test.ZohoShowTestcases -->
    </test> <!-- Default test -->
  </suite> <!-- Default suite -->
</testng-results>
